<?xml version="1.0" encoding="UTF-8"?>
<!-- Generated by org.testng.reporters.JUnitReportReporter -->
<testsuite hostname="Mainaks-MacBook-Air.local" failures="0" tests="4" name="com.browserstact.poc.AndroidTestCases" time="51.441" errors="0" timestamp="2024-01-31T16:58:38 IST" skipped="3">
  <testcase classname="com.browserstact.poc.AndroidTestCases" name="tc_004_wiki" time="51.441"/>
  <system-out/>
  <testcase classname="com.browserstact.poc.AndroidTestCases" name="tc_001">
    <skipped/>
  </testcase> <!-- tc_001 -->
  <system-out/>
  <testcase classname="com.browserstact.poc.AndroidTestCases" name="tc_002">
    <skipped/>
  </testcase> <!-- tc_002 -->
  <system-out/>
  <testcase classname="com.browserstact.poc.AndroidTestCases" name="tc_003">
    <skipped/>
  </testcase> <!-- tc_003 -->
  <system-out/>
</testsuite> <!-- com.browserstact.poc.AndroidTestCases -->
