<?xml version="1.0" encoding="UTF-8"?>
<!-- Generated by org.testng.reporters.JUnitReportReporter -->
<testsuite hostname="Mainaks-MacBook-Air.local" failures="0" tests="1" name="com.browserstact.poc.AndroidTestCases" time="87.339" errors="0" timestamp="2024-02-07T19:42:35 IST" skipped="0">
  <testcase classname="com.browserstact.poc.AndroidTestCases" name="tc_004_wiki" time="87.339"/>
  <system-out/>
</testsuite> <!-- com.browserstact.poc.AndroidTestCases -->
