<?xml version="1.0" encoding="UTF-8"?>
<!-- Generated by org.testng.reporters.JUnitReportReporter -->
<testsuite hostname="Mainaks-MacBook-Air.local" failures="0" tests="1" name="com.browserstact.poc.NewTest" time="0.007" errors="0" timestamp="2024-01-10T16:25:52 IST" skipped="0">
  <testcase classname="com.browserstact.poc.NewTest" name="f" time="0.007"/>
  <system-out/>
</testsuite> <!-- com.browserstact.poc.NewTest -->
