<?xml version="1.0" encoding="UTF-8"?>
<!-- Generated by org.testng.reporters.JUnitReportReporter -->
<testsuite hostname="Mainaks-MacBook-Air.local" failures="0" tests="1" name="com.browserstack.poc.AndroidTestCases" time="36.182" errors="0" timestamp="2024-02-13T13:50:06 IST" skipped="0">
  <testcase classname="com.browserstack.poc.AndroidTestCases" name="tc_004_wiki" time="36.182"/>
  <system-out/>
</testsuite> <!-- com.browserstack.poc.AndroidTestCases -->
